<?xml version="1.0" encoding="UTF-8"?>
<testng-results ignored="0" total="1" passed="1" failed="0" skipped="0">
  <reporter-output>
  </reporter-output>
  <suite started-at="2022-07-20T20:11:37 IST" name="Suite" finished-at="2022-07-20T20:11:50 IST" duration-ms="13318">
    <groups>
    </groups>
    <test started-at="2022-07-20T20:11:37 IST" name="Test" finished-at="2022-07-20T20:11:50 IST" duration-ms="13318">
      <class name="com.ecommerence.testcases.TC_008_VerifyDashboard">
        <test-method is-config="true" signature="setup(java.lang.String)[pri:0, instance:com.ecommerence.testcases.TC_008_VerifyDashboard@2805d709]" started-at="2022-07-20T20:11:37 IST" name="setup" finished-at="2022-07-20T20:11:44 IST" duration-ms="7617" status="PASS">
          <params>
            <param index="0">
              <value>
                <![CDATA[chrome]]>
              </value>
            </param>
          </params>
          <reporter-output>
          </reporter-output>
        </test-method> <!-- setup -->
        <test-method signature="VerifyDashboard()[pri:0, instance:com.ecommerence.testcases.TC_008_VerifyDashboard@2805d709]" started-at="2022-07-20T20:11:44 IST" name="VerifyDashboard" finished-at="2022-07-20T20:11:50 IST" duration-ms="5366" status="PASS">
          <reporter-output>
          </reporter-output>
        </test-method> <!-- VerifyDashboard -->
      </class> <!-- com.ecommerence.testcases.TC_008_VerifyDashboard -->
    </test> <!-- Test -->
  </suite> <!-- Suite -->
</testng-results>
